[22:49:47] [ServerMain/INFO]: Environment: authHost='https://authserver.mojang.com', accountsHost='https://api.mojang.com', sessionHost='https://sessionserver.mojang.com', servicesHost='https://api.minecraftservices.com', name='PROD'
[22:49:47] [ServerMain/INFO]: Found new data pack file/bukkit, loading it automatically
[22:49:48] [ServerMain/INFO]: Loaded 7 recipes
[22:49:48] [Server thread/INFO]: Starting minecraft server version 1.20.1
[22:49:48] [Server thread/INFO]: Loading properties
[22:49:49] [Server thread/INFO]: This server is running Paper version git-Paper-196 (MC: 1.20.1) (Implementing API version 1.20.1-R0.1-SNAPSHOT) (Git: 773dd72)
[22:49:49] [Server thread/INFO]: Server Ping Player Sample Count: 12
[22:49:49] [Server thread/INFO]: Using 4 threads for Netty based IO
[22:49:49] [Server thread/INFO]: [ChunkTaskScheduler] Chunk system is using 1 I/O threads, 1 worker threads, and gen parallelism of 1 threads
[22:49:49] [Server thread/WARN]: [!] The timings profiler has been enabled but has been scheduled for removal from Paper in the future.
    We recommend installing the spark profiler as a replacement: https://spark.lucko.me/
    For more information please visit: https://github.com/PaperMC/Paper/issues/8948
[22:49:50] [Server thread/INFO]: Default game type: SURVIVAL
[22:49:50] [Server thread/INFO]: Generating keypair
[22:49:50] [Server thread/INFO]: Starting Minecraft server on *:25565
[22:49:50] [Server thread/INFO]: Using epoll channel type
[22:49:50] [Server thread/INFO]: Paper: Using libdeflate (Linux x86_64) compression from Velocity.
[22:49:50] [Server thread/INFO]: Paper: Using OpenSSL 1.1.x (Linux x86_64) cipher from Velocity.
[22:49:50] [Server thread/WARN]: **** SERVER IS RUNNING IN OFFLINE/INSECURE MODE!
[22:49:50] [Server thread/WARN]: The server will make no attempt to authenticate usernames. Beware.
[22:49:50] [Server thread/WARN]: While this makes the game possible to play without internet access, it also opens up the ability for hackers to connect with any username they choose.
[22:49:50] [Server thread/WARN]: To change this, set "online-mode" to "true" in the server.properties file.
[22:49:50] [Server thread/INFO]: Preparing level "world"
[22:50:00] [Server thread/INFO]: Preparing start region for dimension minecraft:overworld
[22:50:00] [Server thread/INFO]: Time elapsed: 166 ms
[22:50:00] [Server thread/INFO]: Preparing start region for dimension minecraft:the_nether
[22:50:00] [Server thread/INFO]: Time elapsed: 155 ms
[22:50:00] [Server thread/INFO]: Preparing start region for dimension minecraft:the_end
[22:50:01] [Server thread/INFO]: Time elapsed: 150 ms
[22:50:01] [Server thread/INFO]: Running delayed init tasks
[22:50:01] [Server thread/INFO]: Done (12.184s)! For help, type "help"
[22:50:01] [Server thread/INFO]: Timings Reset
[22:50:01] [Server thread/INFO]: Unknown command. Type "/help" for help.
[23:12:24] [User Authenticator #0/INFO]: UUID of player KarenMC4 is 136a8945-32c1-3e04-b7ee-1e61d29d1847
[23:12:24] [Server thread/INFO]: KarenMC4 joined the game
[23:12:24] [Server thread/INFO]: KarenMC4[/127.165.87.77:38185] logged in with entity id 466 at ([world]22.5, 74.0, -72.5)
[23:14:02] [Server thread/INFO]: Made KarenMC4 a server operator
[23:14:10] [Server thread/INFO]: KarenMC4 issued server command: /gamemode creative
[23:14:10] [Server thread/INFO]: [KarenMC4: Set own game mode to Creative Mode]
